[debug] [2023-03-25T21:06:58.838Z] ----------------------------------------------------------------------
[debug] [2023-03-25T21:06:58.840Z] Command:       /opt/homebrew/Cellar/node/19.8.1/bin/node /opt/homebrew/bin/firebase init
[debug] [2023-03-25T21:06:58.840Z] CLI Version:   11.25.1
[debug] [2023-03-25T21:06:58.840Z] Platform:      darwin
[debug] [2023-03-25T21:06:58.840Z] Node Version:  v19.8.1
[debug] [2023-03-25T21:06:58.840Z] Time:          Sat Mar 25 2023 17:06:58 GMT-0400 (Eastern Daylight Time)
[debug] [2023-03-25T21:06:58.840Z] ----------------------------------------------------------------------
[debug] 
[debug] [2023-03-25T21:06:58.843Z] > command requires scopes: ["email","openid","https://www.googleapis.com/auth/cloudplatformprojects.readonly","https://www.googleapis.com/auth/firebase","https://www.googleapis.com/auth/cloud-platform"]
[debug] [2023-03-25T21:06:58.843Z] > authorizing via signed-in user (baymaxshawnhu@gmail.com)
[info] 
     ######## #### ########  ######## ########     ###     ######  ########
     ##        ##  ##     ## ##       ##     ##  ##   ##  ##       ##
     ######    ##  ########  ######   ########  #########  ######  ######
     ##        ##  ##    ##  ##       ##     ## ##     ##       ## ##
     ##       #### ##     ## ######## ########  ##     ##  ######  ########

You're about to initialize a Firebase project in this directory:

  /Users/baymaxshawn/Desktop/JIEJIE

[info] 
=== Project Setup
[info] 
[info] First, let's associate this project directory with a Firebase project.
[info] You can create multiple project aliases by running firebase use --add, 
[info] but for now we'll just set up a default project.
[info] 
[debug] [2023-03-25T21:08:22.884Z] >>> [apiv2][query] GET https://firebase.googleapis.com/v1beta1/projects pageSize=100
[debug] [2023-03-25T21:08:23.324Z] <<< [apiv2][status] GET https://firebase.googleapis.com/v1beta1/projects 200
[debug] [2023-03-25T21:08:23.324Z] <<< [apiv2][body] GET https://firebase.googleapis.com/v1beta1/projects [omitted]
[info] i  Using project jiejie-9509f (JieJie) 
[info] 
=== Hosting Setup
[info] 
[info] Your public directory is the folder (relative to your project directory) that
[info] will contain Hosting assets to be uploaded with firebase deploy. If you
[info] have a build process for your assets, use your build's output directory.
[info] 
[info] ✔  Wrote JieJie/404.html 
[debug] [2023-03-25T21:09:12.076Z] >>> [apiv2][query] GET https://www.gstatic.com/firebasejs/releases.json [none]
[debug] [2023-03-25T21:09:12.186Z] <<< [apiv2][status] GET https://www.gstatic.com/firebasejs/releases.json 200
[debug] [2023-03-25T21:09:12.187Z] <<< [apiv2][body] GET https://www.gstatic.com/firebasejs/releases.json {"current":{"version":"9.18.0","browserURL":"https://www.gstatic.com/firebasejs/9.18.0/firebase.js","packageURL":"https://www.gstatic.com/firebasejs/9.18.0/firebase.tgz"},"live":{"version":"9.18","browserURL":"https://www.gstatic.com/firebasejs/live/9.18/firebase.js","packageURL":"https://www.gstatic.com/firebasejs/live/9.18/firebase.tgz"},"components":{"analytics":"https://www.gstatic.com/firebasejs/9.18.0/firebase-analytics.js","app":"https://www.gstatic.com/firebasejs/9.18.0/firebase-app.js","app-check":"https://www.gstatic.com/firebasejs/9.18.0/firebase-app-check.js","auth":"https://www.gstatic.com/firebasejs/9.18.0/firebase-auth.js","auth/cordova":"https://www.gstatic.com/firebasejs/9.18.0/firebase-auth/cordova.js","auth/react-native":"https://www.gstatic.com/firebasejs/9.18.0/firebase-auth/react-native.js","functions":"https://www.gstatic.com/firebasejs/9.18.0/firebase-functions.js","firestore":"https://www.gstatic.com/firebasejs/9.18.0/firebase-firestore.js","firestore/lite":"https://www.gstatic.com/firebasejs/9.18.0/firebase-firestore/lite.js","installations":"https://www.gstatic.com/firebasejs/9.18.0/firebase-installations.js","storage":"https://www.gstatic.com/firebasejs/9.18.0/firebase-storage.js","performance":"https://www.gstatic.com/firebasejs/9.18.0/firebase-performance.js","remote-config":"https://www.gstatic.com/firebasejs/9.18.0/firebase-remote-config.js","messaging":"https://www.gstatic.com/firebasejs/9.18.0/firebase-messaging.js","messaging/sw":"https://www.gstatic.com/firebasejs/9.18.0/firebase-messaging/sw.js","database":"https://www.gstatic.com/firebasejs/9.18.0/firebase-database.js","firestore.memory":"https://www.gstatic.com/firebasejs/9.18.0/firebase-firestore.memory.js"}}
[info] ✔  Wrote JieJie/index.html 
[info] 
[info] i  Didn't detect a .git folder. Assuming /Users/baymaxshawn/Desktop/JIEJIE is the project root. 
[info] i  Authorizing with GitHub to upload your service account to a GitHub repository's secrets store. 
[info] 
[info] Visit this URL on this device to log in:
[info] https://github.com/login/oauth/authorize?client_id=89cf50f02ac6aaed3484&state=385616660&redirect_uri=http%3A%2F%2Flocalhost%3A9005&scope=read%3Auser%20repo%20public_repo
[info] 
[info] Waiting for authentication...
[debug] [2023-03-25T21:09:33.224Z] >>> [apiv2][query] POST https://github.com/login/oauth/access_token [none]
[debug] [2023-03-25T21:09:33.224Z] >>> [apiv2][body] POST https://github.com/login/oauth/access_token [stream]
[debug] [2023-03-25T21:09:33.392Z] <<< [apiv2][status] POST https://github.com/login/oauth/access_token 200
[debug] [2023-03-25T21:09:33.393Z] <<< [apiv2][body] POST https://github.com/login/oauth/access_token {"access_token":"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","token_type":"bearer","scope":"read:user,repo"}
[debug] [2023-03-25T21:09:33.399Z] >>> [apiv2][query] GET https://api.github.com/user [none]
[debug] [2023-03-25T21:09:33.629Z] <<< [apiv2][status] GET https://api.github.com/user 200
[debug] [2023-03-25T21:09:33.629Z] <<< [apiv2][body] GET https://api.github.com/user {"login":"BaymaxShawn","id":95258216,"node_id":"U_kgDOBa2GaA","avatar_url":"https://avatars.githubusercontent.com/u/95258216?v=4","gravatar_id":"","url":"https://api.github.com/users/BaymaxShawn","html_url":"https://github.com/BaymaxShawn","followers_url":"https://api.github.com/users/BaymaxShawn/followers","following_url":"https://api.github.com/users/BaymaxShawn/following{/other_user}","gists_url":"https://api.github.com/users/BaymaxShawn/gists{/gist_id}","starred_url":"https://api.github.com/users/BaymaxShawn/starred{/owner}{/repo}","subscriptions_url":"https://api.github.com/users/BaymaxShawn/subscriptions","organizations_url":"https://api.github.com/users/BaymaxShawn/orgs","repos_url":"https://api.github.com/users/BaymaxShawn/repos","events_url":"https://api.github.com/users/BaymaxShawn/events{/privacy}","received_events_url":"https://api.github.com/users/BaymaxShawn/received_events","type":"User","site_admin":false,"name":null,"company":null,"blog":"","location":null,"email":null,"hireable":null,"bio":null,"twitter_username":null,"public_repos":0,"public_gists":0,"followers":1,"following":3,"created_at":"2021-11-29T23:57:04Z","updated_at":"2023-03-18T19:58:54Z","private_gists":0,"total_private_repos":12,"owned_private_repos":12,"disk_usage":121915,"collaborators":1,"two_factor_authentication":false,"plan":{"name":"free","space":976562499,"collaborators":0,"private_repos":10000}}
[info] 
[info] ✔  Success! Logged into GitHub as BaymaxShawn 
[info] 
